%!Adobe-FontList 1.14
%Locale:0x804

%BeginFont
Handler:DirectoryHandler
FontType:Invalid
OutlineFileName:C:\web\opuscule.cn\bm\webdoc\img\Font\file.svg
FileModTime:1538137162
%EndFont

%BeginFont
Handler:DirectoryHandler
FontType:Invalid
OutlineFileName:C:\web\opuscule.cn\bm\webdoc\img\Font\rmb.svg
FileModTime:1538137161
%EndFont

%BeginFont
Handler:DirectoryHandler
FontType:Invalid
OutlineFileName:C:\web\opuscule.cn\bm\webdoc\img\Font\shield.svg
FileModTime:1538137161
%EndFont

%BeginFont
Handler:DirectoryHandler
FontType:Invalid
OutlineFileName:C:\web\opuscule.cn\bm\webdoc\img\Font\token.svg
FileModTime:1538137157
%EndFont

